!WANDB_MODE=disabled CUDA_VISIBLE_DEVICES=0 \
torchrun --standalone --nnodes 1 --nproc-per-node 1 vla-scripts/finetune.py \
  --vla_path openvla/openvla-7b \
  --data_root_dir /data/yb/Raccoonbot_Openvla/tensorflow_datasets \
  --dataset_name raccoon_task_balanced \
  --run_root_dir /data/yb/Raccoonbot_Openvla/openvla/openvla-runs \
  --adapter_tmp_dir /data/yb/Raccoonbot_Openvla/openvla/openvla-adapter-tmp \
  --lora_rank 32 \
  --batch_size 8 \
  --grad_accumulation_steps 2 \
  --learning_rate 2e-4 \
  --max_steps 2000 \
  --save_steps 500 \
  --run_id_note raccoon-task-balanced \
  --image_aug False
[2026-06-14 16:13:49,803] torch.distributed.run: [WARNING] master_addr is only used for static rdzv_backend and when rdzv_endpoint is not specified.
2026-06-14 16:13:53.046115: I tensorflow/core/platform/cpu_feature_guard.cc:182] This TensorFlow binary is optimized to use available CPU instructions in performance-critical operations.
To enable the following instructions: AVX2 FMA, in other operations, rebuild TensorFlow with the appropriate compiler flags.
2026-06-14 16:13:53.797783: W tensorflow/compiler/tf2tensorrt/utils/py_utils.cc:38] TF-TRT Warning: Could not find TensorRT
Fine-tuning OpenVLA Model `openvla/openvla-7b` on `raccoon_task_balanced`
Loading checkpoint shards: 100%|██████████████████| 3/3 [00:00<00:00,  4.49it/s]
trainable params: 110,828,288 || all params: 7,652,065,472 || trainable%: 1.4483
2026-06-14 16:14:19.160517: I tensorflow/core/grappler/optimizers/data/replicate_on_split.cc:32] Running replicate on split optimization
06/14 [16:14:19] INFO     | >> [*] Computing dataset           ]8;id=3115057;file:///data/yb/Raccoonbot_Openvla/openvla/prismatic/vla/datasets/rlds/utils/data_utils.py\data_utils.py]8;;\:]8;id=3115058;file:///data/yb/Raccoonbot_Openvla/openvla/prismatic/vla/datasets/rlds/utils/data_utils.py#233\233]8;;\
                          statistics. This may take a bit, but                  
                          should only need to happen once.                      
100%|██████████████████████████████████████| 1200/1200 [00:10<00:00, 111.80it/s]
2026-06-14 16:14:31.651639: I tensorflow/core/grappler/optimizers/data/replicate_on_split.cc:32] Running replicate on split optimization
2026-06-14 16:14:32.477047: I tensorflow/core/grappler/optimizers/data/replicate_on_split.cc:32] Running replicate on split optimization
06/14 [16:14:32] INFO     | >> [*] Computing dataset           ]8;id=3115063;file:///data/yb/Raccoonbot_Openvla/openvla/prismatic/vla/datasets/rlds/utils/data_utils.py\data_utils.py]8;;\:]8;id=3115064;file:///data/yb/Raccoonbot_Openvla/openvla/prismatic/vla/datasets/rlds/utils/data_utils.py#233\233]8;;\
                          statistics. This may take a bit, but                  
                          should only need to happen once.                      
100%|█████████████████████████████████████████| 162/162 [00:02<00:00, 59.47it/s]
2026-06-14 16:14:35.725386: I tensorflow/core/grappler/optimizers/data/replicate_on_split.cc:32] Running replicate on split optimization
2026-06-14 16:14:35.954560: I tensorflow/core/grappler/optimizers/data/replicate_on_split.cc:32] Running replicate on split optimization
06/14 [16:14:36] INFO     | >> [*] Computing dataset           ]8;id=3115069;file:///data/yb/Raccoonbot_Openvla/openvla/prismatic/vla/datasets/rlds/utils/data_utils.py\data_utils.py]8;;\:]8;id=3115070;file:///data/yb/Raccoonbot_Openvla/openvla/prismatic/vla/datasets/rlds/utils/data_utils.py#233\233]8;;\
                          statistics. This may take a bit, but                  
                          should only need to happen once.                      
100%|█████████████████████████████████████████| 146/146 [00:04<00:00, 29.21it/s]
2026-06-14 16:14:41.594004: I tensorflow/core/grappler/optimizers/data/replicate_on_split.cc:32] Running replicate on split optimization

######################################################################################
# Loading the following 3 datasets (incl. sampling weight):                         #
# raccoon_grasp: ===========================================================0.629469 #
# raccoon_push: ============================================================0.148270 #
# raccoon_pick_and_place: ==================================================0.222261 #
######################################################################################

06/14 [16:14:41] INFO     | >> [*] Threads per Dataset: [1 1 1]   ]8;id=3115077;file:///data/yb/Raccoonbot_Openvla/openvla/prismatic/vla/datasets/rlds/dataset.py\dataset.py]8;;\:]8;id=3115078;file:///data/yb/Raccoonbot_Openvla/openvla/prismatic/vla/datasets/rlds/dataset.py#531\531]8;;\
                 INFO     | >> [*] Reads per Dataset: [1 1 1]     ]8;id=3115084;file:///data/yb/Raccoonbot_Openvla/openvla/prismatic/vla/datasets/rlds/dataset.py\dataset.py]8;;\:]8;id=3115085;file:///data/yb/Raccoonbot_Openvla/openvla/prismatic/vla/datasets/rlds/dataset.py#532\532]8;;\
                 INFO     | >> [*] Constructing datasets...       ]8;id=3115091;file:///data/yb/Raccoonbot_Openvla/openvla/prismatic/vla/datasets/rlds/dataset.py\dataset.py]8;;\:]8;id=3115092;file:///data/yb/Raccoonbot_Openvla/openvla/prismatic/vla/datasets/rlds/dataset.py#535\535]8;;\
2026-06-14 16:14:41.833608: I tensorflow/core/grappler/optimizers/data/replicate_on_split.cc:32] Running replicate on split optimization
2026-06-14 16:14:42.628563: I tensorflow/core/grappler/optimizers/data/replicate_on_split.cc:32] Running replicate on split optimization
2026-06-14 16:14:42.953802: I tensorflow/core/grappler/optimizers/data/replicate_on_split.cc:32] Running replicate on split optimization
06/14 [16:14:43] INFO     | >> [*] Applying frame transforms on   ]8;id=3115098;file:///data/yb/Raccoonbot_Openvla/openvla/prismatic/vla/datasets/rlds/dataset.py\dataset.py]8;;\:]8;id=3115099;file:///data/yb/Raccoonbot_Openvla/openvla/prismatic/vla/datasets/rlds/dataset.py#575\575]8;;\
                          dataset...                                            
                 INFO     | >> [*] Saved dataset statistics    ]8;id=3115105;file:///data/yb/Raccoonbot_Openvla/openvla/prismatic/vla/datasets/rlds/utils/data_utils.py\data_utils.py]8;;\:]8;id=3115106;file:///data/yb/Raccoonbot_Openvla/openvla/prismatic/vla/datasets/rlds/utils/data_utils.py#294\294]8;;\
                          file at path                                          
                          /data/yb/Raccoonbot_Openvla/openvla/                  
                          openvla-runs/openvla-7b+raccoon_task                  
                          _balanced+b16+lr-0.0002+lora-r32+dro                  
                          pout-0.0--raccoon-task-balanced/data                  
                          set_statistics.json                                   
wandb: WARNING Metadata is read-only when using pydantic v1.
 25%|██████████                              | 500/2000 [13:11<39:18,  1.57s/it]Saving Model Checkpoint for Step 500
/usr/local/lib/python3.8/dist-packages/peft/utils/save_and_load.py:180: UserWarning: Setting `save_embedding_layers` to `True` as embedding layers found in `target_modules`.
  warnings.warn("Setting `save_embedding_layers` to `True` as embedding layers found in `target_modules`.")

Loading checkpoint shards:   0%|                          | 0/3 [00:00<?, ?it/s]
Loading checkpoint shards:  33%|██████            | 1/3 [00:00<00:00,  3.36it/s]
Loading checkpoint shards:  67%|████████████      | 2/3 [00:00<00:00,  3.71it/s]
Loading checkpoint shards: 100%|██████████████████| 3/3 [00:00<00:00,  3.77it/s]
^C
[2026-06-14 16:28:22,339] torch.distributed.elastic.agent.server.api: [WARNING] Received Signals.SIGINT death signal, shutting down workers
[2026-06-14 16:28:22,339] torch.distributed.elastic.multiprocessing.api: [WARNING] Sending process 55628 closing signal SIGINT
